[debug] [2026-03-20T21:55:38.712Z] ----------------------------------------------------------------------
[debug] [2026-03-20T21:55:38.714Z] Command:       C:\Program Files\nodejs\node.exe C:\Users\mcollinshumequity\AppData\Roaming\npm\node_modules\firebase-tools\lib\bin\firebase.js init hosting
[debug] [2026-03-20T21:55:38.714Z] CLI Version:   15.11.0
[debug] [2026-03-20T21:55:38.714Z] Platform:      win32
[debug] [2026-03-20T21:55:38.714Z] Node Version:  v25.6.1
[debug] [2026-03-20T21:55:38.714Z] Time:          Fri Mar 20 2026 14:55:38 GMT-0700 (Pacific Daylight Time)
[debug] [2026-03-20T21:55:38.714Z] ----------------------------------------------------------------------
[debug] 
[info] 
     ######## #### ########  ######## ########     ###     ######  ########
     ##        ##  ##     ## ##       ##     ##  ##   ##  ##       ##
     ######    ##  ########  ######   ########  #########  ######  ######
     ##        ##  ##    ##  ##       ##     ## ##     ##       ## ##
     ##       #### ##     ## ######## ########  ##     ##  ######  ########

You're about to initialize a Firebase project in this directory:

  C:\Users\mcollinshumequity\Desktop\omabooks

[info] 
=== Project Setup
[info] 
[info] First, let's associate this project directory with a Firebase project.
[info] You can create multiple project aliases by running firebase use --add, 
[info] 
[debug] [2026-03-20T21:55:46.343Z] > command requires scopes: ["email","openid","https://www.googleapis.com/auth/cloudplatformprojects.readonly","https://www.googleapis.com/auth/firebase","https://www.googleapis.com/auth/cloud-platform"]
[debug] [2026-03-20T21:55:46.344Z] > authorizing via signed-in user (mcollinswork6@gmail.com)
[debug] [2026-03-20T21:55:46.344Z] Checked if tokens are valid: true, expires at: 1774047313269
[debug] [2026-03-20T21:55:46.344Z] Checked if tokens are valid: true, expires at: 1774047313269
[debug] [2026-03-20T21:55:46.345Z] >>> [apiv2][query] GET https://firebase.googleapis.com/v1beta1/projects pageSize=100
[debug] [2026-03-20T21:55:46.777Z] <<< [apiv2][status] GET https://firebase.googleapis.com/v1beta1/projects 200
[debug] [2026-03-20T21:55:46.777Z] <<< [apiv2][body] GET https://firebase.googleapis.com/v1beta1/projects [omitted]
[info] 
=== Hosting Setup
[debug] [2026-03-20T21:55:48.512Z] Checked if tokens are valid: true, expires at: 1774047313269
[debug] [2026-03-20T21:55:48.512Z] Checked if tokens are valid: true, expires at: 1774047313269
[debug] [2026-03-20T21:55:48.512Z] >>> [apiv2][query] GET https://firebase.googleapis.com/v1beta1/projects/omabooks-5437e [none]
[debug] [2026-03-20T21:55:48.670Z] <<< [apiv2][status] GET https://firebase.googleapis.com/v1beta1/projects/omabooks-5437e 200
[debug] [2026-03-20T21:55:48.670Z] <<< [apiv2][body] GET https://firebase.googleapis.com/v1beta1/projects/omabooks-5437e {"projectId":"omabooks-5437e","projectNumber":"156587515821","displayName":"omabooks-5437e","name":"projects/omabooks-5437e","resources":{"hostingSite":"omabooks-5437e"},"state":"ACTIVE","etag":"1_4f087246-b32b-4566-a5d3-dadf2d27a5bb"}
[info] 
[info] Your public directory is the folder (relative to your project directory) that
[info] will contain Hosting assets to be uploaded with firebase deploy. If you
[info] have a build process for your assets, use your build's output directory.
[info] 
[debug] [2026-03-20T21:56:15.110Z] ExitPromptError: User force closed the prompt with SIGINT
    at Interface.sigint (C:\Users\mcollinshumequity\AppData\Roaming\npm\node_modules\firebase-tools\node_modules\@inquirer\core\dist\commonjs\lib\create-prompt.js:101:37)
    at Interface.emit (node:events:508:20)
    at [_ttyWrite] [as _ttyWrite] (node:internal/readline/interface:1327:18)
    at ReadStream.onkeypress (node:internal/readline/interface:284:20)
    at ReadStream.emit (node:events:520:22)
    at emitKeys (node:internal/readline/utils:371:14)
    at emitKeys.next (<anonymous>)
    at ReadStream.onData (node:internal/readline/emitKeypressEvents:64:36)
    at ReadStream.emit (node:events:508:20)
    at addChunk (node:internal/streams/readable:564:12)
[error] 
[error] Error: An unexpected error has occurred.
